<?xml version="1.0" encoding="UTF-8"?>
<!-- Generated by org.testng.reporters.JUnitXMLReporter -->
<testsuite ignored="0" hostname="INPHWN163407" failures="0" tests="4" name="Test(failed)" time="62.932" errors="0" timestamp="2025-12-09T07:04:14 IST">
  <testcase classname="testCases.TC003_LoginDDT" name="verify_loginDDT" time="8.686"/>
  <testcase classname="testCases.TC003_LoginDDT" name="verify_loginDDT" time="14.851"/>
  <testcase classname="testCases.TC003_LoginDDT" name="verify_loginDDT" time="14.229"/>
  <testcase classname="testCases.TC003_LoginDDT" name="verify_loginDDT" time="4.805"/>
</testsuite> <!-- Test(failed) -->
