<?xml version="1.0" encoding="UTF-8"?>
<testng-results ignored="0" total="2" passed="2" failed="0" skipped="0">
  <reporter-output>
  </reporter-output>
  <suite started-at="2025-12-09T15:47:29 IST" name="Suite" finished-at="2025-12-09T15:47:51 IST" duration-ms="22290">
    <groups>
    </groups>
    <test started-at="2025-12-09T15:47:29 IST" name="Test" finished-at="2025-12-09T15:47:51 IST" duration-ms="22290">
      <class name="testCases.TC002_LoginTest">
        <test-method is-config="true" signature="setUp(java.lang.String)[pri:0, instance:testCases.TC002_LoginTest@1d730606]" started-at="2025-12-09T15:47:41 IST" name="setUp" finished-at="2025-12-09T15:47:48 IST" duration-ms="7637" status="PASS">
          <params>
            <param index="0">
              <value>
                <![CDATA[chrome]]>
              </value>
            </param>
          </params>
          <reporter-output>
          </reporter-output>
        </test-method> <!-- setUp -->
        <test-method signature="Verifylogin()[pri:0, instance:testCases.TC002_LoginTest@1d730606]" started-at="2025-12-09T15:47:48 IST" name="Verifylogin" finished-at="2025-12-09T15:47:51 IST" duration-ms="2189" status="PASS">
          <reporter-output>
          </reporter-output>
        </test-method> <!-- Verifylogin -->
        <test-method is-config="true" signature="tearDown()[pri:0, instance:testCases.TC002_LoginTest@1d730606]" started-at="2025-12-09T15:47:51 IST" name="tearDown" finished-at="2025-12-09T15:47:51 IST" duration-ms="214" status="PASS">
          <reporter-output>
          </reporter-output>
        </test-method> <!-- tearDown -->
      </class> <!-- testCases.TC002_LoginTest -->
      <class name="testCases.TC001_Account_Registartion">
        <test-method is-config="true" signature="setUp(java.lang.String)[pri:0, instance:testCases.TC001_Account_Registartion@31d0e481]" started-at="2025-12-09T15:47:29 IST" name="setUp" finished-at="2025-12-09T15:47:38 IST" duration-ms="8563" status="PASS">
          <params>
            <param index="0">
              <value>
                <![CDATA[chrome]]>
              </value>
            </param>
          </params>
          <reporter-output>
          </reporter-output>
        </test-method> <!-- setUp -->
        <test-method signature="Registation()[pri:1, instance:testCases.TC001_Account_Registartion@31d0e481]" started-at="2025-12-09T15:47:38 IST" name="Registation" finished-at="2025-12-09T15:47:41 IST" duration-ms="3024" status="PASS">
          <reporter-output>
          </reporter-output>
        </test-method> <!-- Registation -->
        <test-method is-config="true" signature="tearDown()[pri:0, instance:testCases.TC001_Account_Registartion@31d0e481]" started-at="2025-12-09T15:47:41 IST" name="tearDown" finished-at="2025-12-09T15:47:41 IST" duration-ms="173" status="PASS">
          <reporter-output>
          </reporter-output>
        </test-method> <!-- tearDown -->
      </class> <!-- testCases.TC001_Account_Registartion -->
    </test> <!-- Test -->
  </suite> <!-- Suite -->
</testng-results>
