<?xml version="1.0" encoding="UTF-8"?>
<!-- Generated by org.testng.reporters.JUnitReportReporter -->
<testsuite hostname="INPHWN163407" failures="0" tests="4" name="testCases.TC003_LoginDDT" time="42.571" errors="0" timestamp="2025-12-09T07:04:15 IST" skipped="0">
  <testcase classname="testCases.TC003_LoginDDT" name="verify_loginDDT" time="14.851"/>
  <testcase classname="testCases.TC003_LoginDDT" name="verify_loginDDT" time="14.229"/>
  <testcase classname="testCases.TC003_LoginDDT" name="verify_loginDDT" time="8.686"/>
  <testcase classname="testCases.TC003_LoginDDT" name="verify_loginDDT" time="4.805"/>
</testsuite> <!-- testCases.TC003_LoginDDT -->
